front-proxy
    Trace ID       : f376020a3a08a7c75e7b1a1fcfe0e56c
    Parent ID      : 
    ID             : aaf29f29fdca8e2a
Envoy-1
    Trace ID       : f376020a3a08a7c75e7b1a1fcfe0e56c
    Parent ID      : aaf29f29fdca8e2a
    ID             : 6a0aaf0255f809f2
Envoy-2
    Trace ID       : f376020a3a08a7c75e7b1a1fcfe0e56c
    Parent ID      : 6a0aaf0255f809f2
    ID             : c0ce8b1c003a14cb


Resource SchemaURL: 
Resource attributes:
     -> service.name: Str(envoy-2)
ScopeSpans #0
ScopeSpans SchemaURL: 
InstrumentationScope  
Span #0
    Trace ID       : f376020a3a08a7c75e7b1a1fcfe0e56c
    Parent ID      : 6a0aaf0255f809f2
    ID             : c0ce8b1c003a14cb
    Name           : ingress
    Kind           : Server
    Start time     : 2023-11-27 16:30:00.061353 +0000 UTC
    End time       : 2023-11-27 16:30:00.064981 +0000 UTC
    Status code    : Unset
    Status message : 
Attributes:
     -> node_id: Str()
     -> zone: Str()
     -> guid:x-request-id: Str(0d4d181a-64ab-939d-81de-27df3756996e)
     -> http.url: Str(http://localhost:10000/trace/2)
     -> http.method: Str(GET)
     -> downstream_cluster: Str(-)
     -> user_agent: Str(curl/8.1.2)
     -> http.protocol: Str(HTTP/1.1)
     -> peer.address: Str(172.31.0.6)
     -> request_size: Str(0)
     -> response_size: Str(37)
     -> component: Str(proxy)
     -> upstream_cluster: Str(service_cluster2)
     -> upstream_cluster.name: Str(service_cluster2)
     -> http.status_code: Str(200)
     -> response_flags: Str(-)
	{"kind": "exporter", "data_type": "traces", "name": "logging"}
2023-11-27T16:30:01.168Z	info	TracesExporter	{"kind": "exporter", "data_type": "traces", "name": "logging", "resource spans": 1, "spans": 1}
2023-11-27T16:30:01.168Z	info	ResourceSpans #0
Resource SchemaURL: 
Resource attributes:
     -> service.name: Str(envoy-1)
ScopeSpans #0
ScopeSpans SchemaURL: 
InstrumentationScope  
Span #0
    Trace ID       : f376020a3a08a7c75e7b1a1fcfe0e56c
    Parent ID      : aaf29f29fdca8e2a
    ID             : 6a0aaf0255f809f2
    Name           : egress localhost:10000
    Kind           : Client
    Start time     : 2023-11-27 16:30:00.060507 +0000 UTC
    End time       : 2023-11-27 16:30:00.065384 +0000 UTC
    Status code    : Unset
    Status message : 
Attributes:
     -> node_id: Str()
     -> zone: Str()
     -> guid:x-request-id: Str(0d4d181a-64ab-939d-81de-27df3756996e)
     -> http.url: Str(http://localhost:10000/trace/2)
     -> http.method: Str(GET)
     -> downstream_cluster: Str(-)
     -> user_agent: Str(curl/8.1.2)
     -> http.protocol: Str(HTTP/1.1)
     -> peer.address: Str(172.31.0.7)
     -> request_size: Str(0)
     -> response_size: Str(37)
     -> component: Str(proxy)
     -> upstream_cluster: Str(envoy_cluster2)
     -> upstream_cluster.name: Str(envoy_cluster2)
     -> http.status_code: Str(200)
     -> response_flags: Str(-)
	{"kind": "exporter", "data_type": "traces", "name": "logging"}
2023-11-27T16:30:01.971Z	info	TracesExporter	{"kind": "exporter", "data_type": "traces", "name": "logging", "resource spans": 1, "spans": 1}
2023-11-27T16:30:01.972Z	info	ResourceSpans #0
Resource SchemaURL: 
Resource attributes:
     -> service.name: Str(front-envoy)
ScopeSpans #0
ScopeSpans SchemaURL: 
InstrumentationScope  
Span #0
    Trace ID       : f376020a3a08a7c75e7b1a1fcfe0e56c
    Parent ID      : 
    ID             : aaf29f29fdca8e2a
    Name           : egress localhost:10000
    Kind           : Client
    Start time     : 2023-11-27 16:30:00.059284 +0000 UTC
    End time       : 2023-11-27 16:30:00.065697 +0000 UTC
    Status code    : Unset
    Status message : 
Attributes:
     -> node_id: Str()
     -> zone: Str()
     -> guid:x-request-id: Str(0d4d181a-64ab-939d-81de-27df3756996e)
     -> http.url: Str(http://localhost:10000/trace/2)
     -> http.method: Str(GET)
     -> downstream_cluster: Str(-)
     -> user_agent: Str(curl/8.1.2)
     -> http.protocol: Str(HTTP/1.1)
     -> peer.address: Str(192.168.65.1)
     -> request_size: Str(0)
     -> response_size: Str(37)
     -> component: Str(proxy)
     -> upstream_cluster: Str(envoy_cluster2)
     -> upstream_cluster.name: Str(envoy_cluster2)
     -> http.status_code: Str(200)
     -> response_flags: Str(-)
	{"kind": "exporter", "data_type": "traces", "name": "logging"}
